Determining if the pthread_create exist failed with the following output:
Change Dir: /home/gzh/SVIO_rebuild/svo_edgelet/build/CMakeFiles/CMakeTmp

Run Build Command:"/usr/bin/make" "cmTC_c747c/fast"
/usr/bin/make -f CMakeFiles/cmTC_c747c.dir/build.make CMakeFiles/cmTC_c747c.dir/build
make[1]: Entering directory '/home/gzh/SVIO_rebuild/svo_edgelet/build/CMakeFiles/CMakeTmp'
Building C object CMakeFiles/cmTC_c747c.dir/CheckSymbolExists.c.o
/usr/bin/cc     -o CMakeFiles/cmTC_c747c.dir/CheckSymbolExists.c.o   -c /home/gzh/SVIO_rebuild/svo_edgelet/build/CMakeFiles/CMakeTmp/CheckSymbolExists.c
Linking C executable cmTC_c747c
/usr/bin/cmake -E cmake_link_script CMakeFiles/cmTC_c747c.dir/link.txt --verbose=1
/usr/bin/cc       CMakeFiles/cmTC_c747c.dir/CheckSymbolExists.c.o  -o cmTC_c747c -rdynamic 
CMakeFiles/cmTC_c747c.dir/CheckSymbolExists.c.o: In function `main':
CheckSymbolExists.c:(.text+0x16): undefined reference to `pthread_create'
collect2: error: ld returned 1 exit status
CMakeFiles/cmTC_c747c.dir/build.make:97: recipe for target 'cmTC_c747c' failed
make[1]: *** [cmTC_c747c] Error 1
make[1]: Leaving directory '/home/gzh/SVIO_rebuild/svo_edgelet/build/CMakeFiles/CMakeTmp'
Makefile:126: recipe for target 'cmTC_c747c/fast' failed
make: *** [cmTC_c747c/fast] Error 2

File /home/gzh/SVIO_rebuild/svo_edgelet/build/CMakeFiles/CMakeTmp/CheckSymbolExists.c:
/* */
#include <pthread.h>

int main(int argc, char** argv)
{
  (void)argv;
#ifndef pthread_create
  return ((int*)(&pthread_create))[argc];
#else
  (void)argc;
  return 0;
#endif
}

Determining if the function pthread_create exists in the pthreads failed with the following output:
Change Dir: /home/gzh/SVIO_rebuild/svo_edgelet/build/CMakeFiles/CMakeTmp

Run Build Command:"/usr/bin/make" "cmTC_6c0c9/fast"
/usr/bin/make -f CMakeFiles/cmTC_6c0c9.dir/build.make CMakeFiles/cmTC_6c0c9.dir/build
make[1]: Entering directory '/home/gzh/SVIO_rebuild/svo_edgelet/build/CMakeFiles/CMakeTmp'
Building C object CMakeFiles/cmTC_6c0c9.dir/CheckFunctionExists.c.o
/usr/bin/cc    -DCHECK_FUNCTION_EXISTS=pthread_create   -o CMakeFiles/cmTC_6c0c9.dir/CheckFunctionExists.c.o   -c /usr/share/cmake-3.5/Modules/CheckFunctionExists.c
Linking C executable cmTC_6c0c9
/usr/bin/cmake -E cmake_link_script CMakeFiles/cmTC_6c0c9.dir/link.txt --verbose=1
/usr/bin/cc   -DCHECK_FUNCTION_EXISTS=pthread_create    CMakeFiles/cmTC_6c0c9.dir/CheckFunctionExists.c.o  -o cmTC_6c0c9 -rdynamic -lpthreads 
/usr/bin/ld: cannot find -lpthreads
collect2: error: ld returned 1 exit status
CMakeFiles/cmTC_6c0c9.dir/build.make:97: recipe for target 'cmTC_6c0c9' failed
make[1]: *** [cmTC_6c0c9] Error 1
make[1]: Leaving directory '/home/gzh/SVIO_rebuild/svo_edgelet/build/CMakeFiles/CMakeTmp'
Makefile:126: recipe for target 'cmTC_6c0c9/fast' failed
make: *** [cmTC_6c0c9/fast] Error 2


